{
  "RSpec": {
    "coverage": {
      "/Users/stephengeller/Desktop/Projects/makers-academy/week-10/spec/account_spec.rb": [
        1,
        null,
        1,
        8,
        8,
        null,
        1,
        7,
        7,
        null,
        null,
        1,
        1,
        null,
        null,
        1,
        1,
        1,
        1,
        null,
        null,
        1,
        1,
        1,
        null,
        null,
        1,
        1,
        1,
        1,
        1,
        null,
        null,
        null,
        1,
        1,
        3,
        null,
        null,
        1,
        1,
        1,
        null,
        null,
        1,
        1,
        1,
        1,
        1,
        null,
        null,
        1,
        1,
        1,
        null,
        null,
        null
      ],
      "/Users/stephengeller/Desktop/Projects/makers-academy/week-10/lib/account.rb": [
        1,
        null,
        1,
        1,
        null,
        1,
        null,
        1,
        8,
        8,
        8,
        null,
        null,
        1,
        8,
        8,
        null,
        null,
        1,
        4,
        4,
        null,
        null,
        1,
        null,
        1,
        12,
        12,
        null,
        null
      ],
      "/Users/stephengeller/Desktop/Projects/makers-academy/week-10/lib/statement_line.rb": [
        1,
        null,
        1,
        4,
        3,
        null,
        1,
        null,
        null,
        null,
        1,
        null,
        1,
        3,
        null,
        null,
        1,
        1,
        null,
        null,
        1,
        8,
        8,
        null,
        null,
        1,
        4,
        null,
        null,
        null
      ],
      "/Users/stephengeller/Desktop/Projects/makers-academy/week-10/spec/feature_spec.rb": [
        1,
        1,
        1,
        1,
        null,
        null,
        1,
        1,
        1,
        1,
        1,
        0,
        0,
        null,
        null,
        null,
        null,
        null,
        null
      ],
      "/Users/stephengeller/Desktop/Projects/makers-academy/week-10/lib/statement.rb": [
        1,
        1,
        null,
        1,
        2,
        2,
        null,
        null,
        1,
        1,
        0,
        null,
        null,
        1,
        0,
        0,
        null,
        null,
        1,
        1,
        null,
        null,
        1,
        null,
        1,
        1,
        null,
        null,
        1,
        1,
        null,
        null
      ],
      "/Users/stephengeller/Desktop/Projects/makers-academy/week-10/lib/user_interface.rb": [
        1,
        null,
        1,
        null,
        1,
        5,
        5,
        null,
        null,
        1,
        4,
        4,
        3,
        null,
        null,
        1,
        2,
        1,
        1,
        1,
        null,
        null,
        1,
        1,
        null,
        null,
        1,
        2,
        null,
        null,
        null
      ],
      "/Users/stephengeller/Desktop/Projects/makers-academy/week-10/spec/statement_line_spec.rb": [
        1,
        null,
        1,
        null,
        1,
        2,
        null,
        null,
        1,
        null,
        1,
        1,
        null,
        null,
        1,
        1,
        1,
        1,
        null,
        null,
        1,
        1,
        1,
        null,
        null,
        null
      ],
      "/Users/stephengeller/Desktop/Projects/makers-academy/week-10/spec/statement_spec.rb": [
        1,
        null,
        1,
        2,
        2,
        2,
        null,
        1,
        null,
        1,
        1,
        1,
        null,
        null,
        1,
        2,
        null,
        null,
        null,
        null,
        null,
        null,
        null
      ],
      "/Users/stephengeller/Desktop/Projects/makers-academy/week-10/spec/user_interface_spec.rb": [
        1,
        null,
        1,
        5,
        5,
        4,
        null,
        null,
        1,
        4,
        4,
        4,
        4,
        4,
        4,
        null,
        null,
        1,
        1,
        1,
        2,
        null,
        null,
        null,
        1,
        1,
        2,
        2,
        null,
        null,
        1,
        1,
        1,
        null,
        null,
        null,
        1,
        1,
        2,
        null,
        null,
        null,
        null,
        1,
        1,
        1,
        1,
        2,
        null,
        null,
        null,
        null
      ]
    },
    "timestamp": 1507042016
  }
}
